[root@Lin Memory_Leak]# valgrind --leak-check=full --show-leak-kinds=reachable ./main 
==14236== Memcheck, a memory error detector
==14236== Copyright (C) 2002-2017, and GNU GPL'd, by Julian Seward et al.
==14236== Using Valgrind-3.13.0 and LibVEX; rerun with -h for copyright info
==14236== Command: ./main
==14236== 
Finish.
==14236== 
==14236== HEAP SUMMARY:
==14236==     in use at exit: 1,884 bytes in 5 blocks
==14236==   total heap usage: 26 allocs, 21 frees, 83,891,492 bytes allocated
==14236== 
==14236== 23 bytes in 1 blocks are still reachable in loss record 1 of 5
==14236==    at 0x4C2CE5F: malloc (in /usr/lib/valgrind/vgpreload_memcheck-amd64-linux.so)
==14236==    by 0x401AF4A: strdup (in /usr/lib/ld-2.26.so)
==14236==    by 0x40167CF: _dl_load_cache_lookup (in /usr/lib/ld-2.26.so)
==14236==    by 0x4008A71: _dl_map_object (in /usr/lib/ld-2.26.so)
==14236==    by 0x401387D: dl_open_worker (in /usr/lib/ld-2.26.so)
==14236==    by 0x5188EB3: _dl_catch_error (in /usr/lib/libc-2.26.so)
==14236==    by 0x4013379: _dl_open (in /usr/lib/ld-2.26.so)
==14236==    by 0x518845C: do_dlopen (in /usr/lib/libc-2.26.so)
==14236==    by 0x5188EB3: _dl_catch_error (in /usr/lib/libc-2.26.so)
==14236==    by 0x51884F6: dlerror_run (in /usr/lib/libc-2.26.so)
==14236==    by 0x5188590: __libc_dlopen_mode (in /usr/lib/libc-2.26.so)
==14236==    by 0x4E4B2FB: pthread_cancel_init (in /usr/lib/libpthread-2.26.so)
==14236== 
==14236== 23 bytes in 1 blocks are still reachable in loss record 2 of 5
==14236==    at 0x4C2CE5F: malloc (in /usr/lib/valgrind/vgpreload_memcheck-amd64-linux.so)
==14236==    by 0x400B508: _dl_new_object (in /usr/lib/ld-2.26.so)
==14236==    by 0x4005984: _dl_map_object_from_fd (in /usr/lib/ld-2.26.so)
==14236==    by 0x4008750: _dl_map_object (in /usr/lib/ld-2.26.so)
==14236==    by 0x401387D: dl_open_worker (in /usr/lib/ld-2.26.so)
==14236==    by 0x5188EB3: _dl_catch_error (in /usr/lib/libc-2.26.so)
==14236==    by 0x4013379: _dl_open (in /usr/lib/ld-2.26.so)
==14236==    by 0x518845C: do_dlopen (in /usr/lib/libc-2.26.so)
==14236==    by 0x5188EB3: _dl_catch_error (in /usr/lib/libc-2.26.so)
==14236==    by 0x51884F6: dlerror_run (in /usr/lib/libc-2.26.so)
==14236==    by 0x5188590: __libc_dlopen_mode (in /usr/lib/libc-2.26.so)
==14236==    by 0x4E4B2FB: pthread_cancel_init (in /usr/lib/libpthread-2.26.so)
==14236== 
==14236== 384 bytes in 1 blocks are still reachable in loss record 4 of 5
==14236==    at 0x4C2EF35: calloc (in /usr/lib/valgrind/vgpreload_memcheck-amd64-linux.so)
==14236==    by 0x4011003: _dl_check_map_versions (in /usr/lib/ld-2.26.so)
==14236==    by 0x4013922: dl_open_worker (in /usr/lib/ld-2.26.so)
==14236==    by 0x5188EB3: _dl_catch_error (in /usr/lib/libc-2.26.so)
==14236==    by 0x4013379: _dl_open (in /usr/lib/ld-2.26.so)
==14236==    by 0x518845C: do_dlopen (in /usr/lib/libc-2.26.so)
==14236==    by 0x5188EB3: _dl_catch_error (in /usr/lib/libc-2.26.so)
==14236==    by 0x51884F6: dlerror_run (in /usr/lib/libc-2.26.so)
==14236==    by 0x5188590: __libc_dlopen_mode (in /usr/lib/libc-2.26.so)
==14236==    by 0x4E4B2FB: pthread_cancel_init (in /usr/lib/libpthread-2.26.so)
==14236==    by 0x4E4B4F3: _Unwind_ForcedUnwind (in /usr/lib/libpthread-2.26.so)
==14236==    by 0x4E49510: __pthread_unwind (in /usr/lib/libpthread-2.26.so)
==14236== 
==14236== 1,182 bytes in 1 blocks are still reachable in loss record 5 of 5
==14236==    at 0x4C2EF35: calloc (in /usr/lib/valgrind/vgpreload_memcheck-amd64-linux.so)
==14236==    by 0x400B221: _dl_new_object (in /usr/lib/ld-2.26.so)
==14236==    by 0x4005984: _dl_map_object_from_fd (in /usr/lib/ld-2.26.so)
==14236==    by 0x4008750: _dl_map_object (in /usr/lib/ld-2.26.so)
==14236==    by 0x401387D: dl_open_worker (in /usr/lib/ld-2.26.so)
==14236==    by 0x5188EB3: _dl_catch_error (in /usr/lib/libc-2.26.so)
==14236==    by 0x4013379: _dl_open (in /usr/lib/ld-2.26.so)
==14236==    by 0x518845C: do_dlopen (in /usr/lib/libc-2.26.so)
==14236==    by 0x5188EB3: _dl_catch_error (in /usr/lib/libc-2.26.so)
==14236==    by 0x51884F6: dlerror_run (in /usr/lib/libc-2.26.so)
==14236==    by 0x5188590: __libc_dlopen_mode (in /usr/lib/libc-2.26.so)
==14236==    by 0x4E4B2FB: pthread_cancel_init (in /usr/lib/libpthread-2.26.so)
==14236== 
==14236== LEAK SUMMARY:
==14236==    definitely lost: 0 bytes in 0 blocks
==14236==    indirectly lost: 0 bytes in 0 blocks
==14236==      possibly lost: 272 bytes in 1 blocks
==14236==    still reachable: 1,612 bytes in 4 blocks
==14236==         suppressed: 0 bytes in 0 blocks
==14236== 
==14236== For counts of detected and suppressed errors, rerun with: -v
==14236== ERROR SUMMARY: 1 errors from 1 contexts (suppressed: 0 from 0)

